***************************************************************************************************
DateTime     = Sun Jan 14 18:30:01 UTC 2018
OS           = Linux (4.13.0-26-generic, amd64)
JVM          = Java(TM) SE Runtime Environment (1.8.0_72-b15, 64-bit)
Locale       = English (United States), Universal
User         = app, /dev/null

Application  = CrashPlan
CPVERSION    = 4.8.4 - 1436674800484 (2015-07-12T04:20:00:484+0000) - Build: 15
CPGUID       = 830817711470641205 from file: /var/lib/crashplan/.identity
OrgType      = CONSUMER
WorkingDir   = /usr/local/crashplan
LogDir       = /usr/local/crashplan/log
AppDataDir   = /usr/local/crashplan/conf
CacheDir     = /usr/local/crashplan/cache
ArchiveDir   = /backupArchives/
JavaOptions  = [-Dfile.encoding=UTF-8, -Dapp=CrashPlanService, -DappBaseName=CrashPlan, -Xms20m, -Xmx1024m, -Dsun.net.inetaddr.ttl=300, -Dnetworkaddress.cache.ttl=300, -Dsun.net.inetaddr.negative.ttl=0, -Dnetworkaddress.cache.negative.ttl=0, -Dc42.native.md5.enabled=false]
Args         = []
LibraryPath  = /usr/local/crashplan:/usr/java/packages/lib/amd64:/usr/lib64:/lib64:/lib:/usr/lib:.:lib
ClassPath    = [file:/usr/local/crashplan/lib/com.backup42.desktop.jar, file:/usr/local/crashplan/lang/, file:/usr/local/crashplan/]


***************************************************************************************************
LICENSE
***************************************************************************************************
ServiceModel.authorized         = true
ServiceModel.authRules          = AuthorizeRules [ldap=false, minPasswordLength=5, usernameIsAnEmail=true, deferredAllowed=false]
ServiceModel.license.name    = CrashPlan Free
ServiceModel.license.key        = 0000000000000000
ServiceModel.cpcLicense.product = FREE
ServiceModel.license            = CPLicense@1731422611[ FREE, permissions=[admin.backup.backup, admin.cpd.restore, admin.backup.restore] ]
LicensedFeatures                = []


***************************************************************************************************
SOCIAL NETWORK
***************************************************************************************************

---------------------------------------------------------------------------------------------------
USERS
1469984, joseph.trohak@gmail.com, SELF, j, org=42-CrashPlan
1, admin, CPC, admin, org=1-ADMIN, 

---------------------------------------------------------------------------------------------------
COMPUTERS
830817711470641205, merus-crashplan-docker, SELF, private=0.0.0.0:4242, public=157.52.10.243:4242, connectedFor=0ms
651072688751640833, merus-t43, OWN, private=12.0.0.2:4242, public=45.72.142.200:0, disconnectCode=NONE
642111610348896259, merus-livingroom, OWN, private=12.0.0.107:4242, public=107.179.141.114:0, disconnectCode=NONE
697298602354730247, CrashPlan Central, userId=1, private=ctd-sea.crashplan.com:443, public=ctd-sea.crashplan.com:4282, connectedFor=48sec
715561018486520879, merus-HP-EliteBook-8470p, OWN, private=12.0.0.106:4242, public=104.222.113.31:0, disconnectCode=NONE
642072265277571074, merus-crashplan, OWN, private=13.0.0.141:4242, public=157.52.10.243:0, disconnectCode=NONE
761560876880420039, merus-HP-EliteBook-2570p, OWN, private=192.168.43.219:4242, public=104.247.244.76:0, disconnectCode=NONE
42, CrashPlan Central, CPC, private=central.crashplan.com:443, public=central.crashplan.com:4282, connectedFor=30sec
808321693758673357, merus-mobile-17, OWN, private=192.168.73.97:4242, public=204.101.180.106:4242, disconnectCode=NONE
715192431344234553, MERUS-WIN7, OWN, private=10.0.2.15:4242, public=69.196.134.20:0, disconnectCode=NONE

---------------------------------------------------------------------------------------------------
FALLBACKS
primary=central.crashplan.com:443, lastConnected=0


***************************************************************************************************
OUTBOUND BACKUP
***************************************************************************************************
backupEnabled                  = true
highBandwidthRate              = 0.0 KB/s (network throttle, user away)
lowBandwidthRate               = 0.0 KB/s (network throttle, user present)
lanHighBandwidthRate           = 0.0 KB/s (network throttle, user away)
lanLowBandwidthRate            = 0.0 KB/s (network throttle, user present)
idleThrottleRate               = 80 (cpu throttle, user away)
activeThrottleRate             = 20 (cpu throttle, user present)

---------------------------------------------------------------------------------------------------
BACKUP SET 1
backupPaths                    = [+/;w]
backupPaths.lastModified       = Sun Jan 14 18:16:49 UTC 2018
scanning                       = false
checkingForDeletes             = false
totalFiles                     = 46359
totalSize                      = 33.5GB
watcherNoActivityInterval      = 15min 0sec (backup frequency)
backupOpenFiles                = true
backupRunWindow                = RunWindow[alwaysRun=true]
scanInterval                   = 1day 0hr
scanTime                       = 03:00
compression                    = ON
encryptionEnabled              = true
dataDeDuplication              = AUTOMATIC
keepDeleted                    = true
keepDeletedMinutes             = 0ms
versionLastWeekInterval        = 15min 0sec
versionLastNinetyDaysInterval  = 1day 0hr
versionLastYearInterval        = 7day 0hr
versionPrevYearsInterval       = 30day 0hr


***************************************************************************************************
DESTINATIONS
***************************************************************************************************

---------------------------------------------------------------------------------------------------
DESTINATIONS

---------------------------------------------------------------------------------------------------
DESTINATIONS

---------------------------------------------------------------------------------------------------
DESTINATIONS

---------------------------------------------------------------------------------------------------
DESTINATIONS

---------------------------------------------------------------------------------------------------
DESTINATIONS

---------------------------------------------------------------------------------------------------
DESTINATIONS

---------------------------------------------------------------------------------------------------
DESTINATIONS

---------------------------------------------------------------------------------------------------
DESTINATIONS

---------------------------------------------------------------------------------------------------
DESTINATIONS

---------------------------------------------------------------------------------------------------
DESTINATIONS


***************************************************************************************************
INBOUND BACKUP
***************************************************************************************************
listenForBackup      = true
maintenanceInterval  = 7day 0hr
verifyBlocksInterval = 28day 0hr
listen               = 0.0.0.0:4242
manifestPath         = /backupArchives/ (default location)

---------------------------------------------------------------------------------------------------
SOURCES


***************************************************************************************************
SYSTEM (network, memory, disk, etc)
***************************************************************************************************
localHostAddress = 172.17.0.2
memory           = maxMemory=910.50MB, totalMemory=285MB, freeMemory=53.80MB, usedMemory=231.20MB
diskSpace        = DiskSpace[file = /, totalSpace = 310.3GB, freeSpace = 221.6GB, usedSpace = 73GB, capacity = 28.61%]


***************************************************************************************************
CONFIG FILE
***************************************************************************************************
<?xml version="1.0" encoding="UTF-8" standalone="no"?>
<config id="service" modified="2018-01-14T18:30:01:957+0000" version="11">
  <configDateMs>1515953811034</configDateMs>
  <installVersion>1436674800484</installVersion>
  <serviceErrorInterval>3600000</serviceErrorInterval>
  <userIdleDelay>900000</userIdleDelay>
  <orgType>CONSUMER</orgType>
  <systrayOnStartup>true</systrayOnStartup>
  <location>0.0.0.0:4242</location>
  <helpNovice nil="true"/>
  <userHome>/dev/null</userHome>
  <windowsPriorityClass>LOW</windowsPriorityClass>
  <windowsPriorityBoost>false</windowsPriorityBoost>
  <macIOPriority>IOPOL_THROTTLE</macIOPriority>
  <javaMemoryHeapMax>1024m</javaMemoryHeapMax>
  <serviceUIConfig>
    <serviceHost>127.0.0.1</serviceHost>
    <servicePort>4243</servicePort>
    <connectCheck>0</connectCheck>
    <showFullFilePath>false</showFullFilePath>
    <autoLoginPasswordHash>******</autoLoginPasswordHash>
    <autoLogin>true</autoLogin>
    <locale nil="true"/>
  </serviceUIConfig>
  <servicePeerConfig>
    <authority address="central.crashplan.com:443" hideAddress="false"/>
    <lastKnownVersion>1436674800484</lastKnownVersion>
    <lastKnownBuildNumber>15</lastKnownBuildNumber>
    <upgradeVersion nil="true"/>
    <upgradeBuildNumber nil="true"/>
    <upgradePath>upgrade</upgradePath>
    <upgradeDelay>15000</upgradeDelay>
    <inboundWorkers>4</inboundWorkers>
    <securityProviderWorkers>1</securityProviderWorkers>
    <securityProviderCipherId>0</securityProviderCipherId>
    <socketSendBufferSize>-1</socketSendBufferSize>
    <socketReceiveBufferSize>-1</socketReceiveBufferSize>
    <inboundMessageBufferSize>524288</inboundMessageBufferSize>
    <outboundMessageBufferSize>1310720</outboundMessageBufferSize>
    <siteLocalInboundMessageBufferSize>1048576</siteLocalInboundMessageBufferSize>
    <siteLocalOutboundMessageBufferSize>2621440</siteLocalOutboundMessageBufferSize>
    <maxMessageSize>20971520</maxMessageSize>
    <listenForBackup>true</listenForBackup>
    <maxConnectAttempts>2</maxConnectAttempts>
    <portMappingEnabled>true</portMappingEnabled>
    <useProxy>false</useProxy>
    <remotePACFileUrl nil="true"/>
    <centralConfig>
      <websiteHost>https://www.crashplan.com</websiteHost>
      <hideDestinationUsageSetting>false</hideDestinationUsageSetting>
    </centralConfig>
  </servicePeerConfig>
  <serviceBackupConfig>
    <backupFilesLog>
      <fileHandler append="true" count="2" level="ALL" limit="26214400" pattern="log/backup_files.log"/>
    </backupFilesLog>
    <restoreFilesLog>
      <fileHandler append="false" count="1" level="ALL" limit="1073741824" pattern="log/restore_files.log"/>
    </restoreFilesLog>
    <highBandwidthRate>0.0</highBandwidthRate>
    <lowBandwidthRate>0.0</lowBandwidthRate>
    <lanHighBandwidthRate>0.0</lanHighBandwidthRate>
    <lanLowBandwidthRate>0.0</lanLowBandwidthRate>
    <wanNetworks>
      <patternList>
        <windows/>
        <macintosh/>
        <linux/>
        <solaris/>
      </patternList>
    </wanNetworks>
    <lanNetworks>
      <patternList>
        <windows/>
        <macintosh/>
        <linux/>
        <solaris/>
      </patternList>
    </lanNetworks>
    <wanTcpTrafficClass>0</wanTcpTrafficClass>
    <lanTcpTrafficClass>0</lanTcpTrafficClass>
    <tcpNoDelay>true</tcpNoDelay>
    <notifyDeliveryTime>ANY</notifyDeliveryTime>
    <warningEmailEnabled>true</warningEmailEnabled>
    <minutesUntilWarning>4320</minutesUntilWarning>
    <severeEmailEnabled>true</severeEmailEnabled>
    <minutesUntilSevere>7200</minutesUntilSevere>
    <backupStatusEmailEnabled>true</backupStatusEmailEnabled>
    <backupStatusEmailFreqInMinutes>10080</backupStatusEmailFreqInMinutes>
    <warningTwitterEnabled>false</warningTwitterEnabled>
    <warningTwitterAfterMinutes>4320</warningTwitterAfterMinutes>
    <severeTwitterEnabled>false</severeTwitterEnabled>
    <severeTwitterAfterMinutes>7200</severeTwitterAfterMinutes>
    <backupStatusTwitterEnabled>false</backupStatusTwitterEnabled>
    <backupStatusTwitterFreqInMinutes>1440</backupStatusTwitterFreqInMinutes>
    <twitterStatusUpdateOptIn>false</twitterStatusUpdateOptIn>
    <twitterFollowersOptIn>false</twitterFollowersOptIn>
    <inboundRunWindow>
      <runWindow always="true" days="SMTWHFS" endTimeOfDay="06:00" startTimeOfDay="01:00"/>
    </inboundRunWindow>
    <hiddenFiles>
      <patternList>
        <pattern regex=".*/\..*"/>
        <pattern regex="(?i).*\.tmp"/>
        <pattern regex="(?i).*/temp/"/>
        <pattern regex="(?i).*/tmp/"/>
        <pattern regex=".*/(?:42|\d{8,}).*/(?:cp|~).*"/>
        <pattern regex="(?i).*/CrashPlan.*/(?:cache|log|conf|manifest|upgrade)/.*"/>
        <pattern regex=".*\.part"/>
        <pattern regex=".*/iPhoto Library/iPod Photo Cache/.*"/>
        <pattern regex=".*\.cprestoretmp.*"/>
        <pattern regex=".*/Music/Subscription/.*"/>
        <pattern regex="(?i).*/Google/Chrome/.*cache.*"/>
        <pattern regex="(?i).*/Mozilla/Firefox/.*cache.*"/>
        <pattern regex=".*/Google/Chrome/Safe Browsing.*"/>
        <pattern regex="/bin/"/>
        <pattern regex="/boot/"/>
        <pattern regex="/etc/"/>
        <pattern regex="/initrd/"/>
        <pattern regex="/lib/"/>
        <pattern regex="/opt/"/>
        <pattern regex="/sbin/"/>
        <pattern regex="/usr/"/>
        <pattern regex="/var/"/>
        <pattern regex="/srv/"/>
        <pattern regex="/sys/.*"/>
        <pattern regex="/dev/.*"/>
        <pattern regex="/proc/.*"/>
        <pattern regex="/tmp/.*"/>
        <pattern regex=".*/lost\+found/.*"/>
        <windows>
          <pattern regex=".:/ProgramData/"/>
          <pattern regex=".*Thumbs\.db"/>
          <pattern regex=".*/Local Settings/History/"/>
          <pattern regex=".*/NetHood/"/>
          <pattern regex=".*/PrintHood/"/>
          <pattern regex=".*/Cookies/"/>
          <pattern regex=".*/Recent/"/>
          <pattern regex=".*/SendTo/"/>
          <pattern regex=".*/LocalService/"/>
          <pattern regex=".*/NetworkService/"/>
          <pattern regex=".*/Start Menu/"/>
          <pattern regex="(?i).*/NTUSER.*"/>
          <pattern regex="(?i).:/WINDOWS/"/>
          <pattern regex="(?i).:/autoexec.bat"/>
          <pattern regex=".*\$RECYCLE\.BIN/.*"/>
          <pattern regex=".*/System Volume Information/.*"/>
          <pattern regex=".*/RECYCLER/.*"/>
          <pattern regex=".*/I386.*"/>
          <pattern regex=".*/pagefile.sys"/>
          <pattern regex=".*/MSOCache.*"/>
          <pattern regex=".*UsrClass\.dat\.LOG"/>
          <pattern regex=".*UsrClass\.dat"/>
          <pattern regex=".*/Temporary Internet Files/.*"/>
          <pattern regex="(?i).*/ntuser.dat.*"/>
          <pattern regex=".*/Local Settings/Temp.*"/>
          <pattern regex=".*/AppData/Local/Temp.*"/>
          <pattern regex=".*/AppData/Temp.*"/>
          <pattern regex=".*/Windows/Temp.*"/>
          <pattern regex="(?i).*/Microsoft.*/Windows/.*\.log"/>
          <pattern regex=".*/Microsoft.*/Windows/Cookies.*"/>
          <pattern regex=".*/Microsoft.*/RecoveryStore.*"/>
          <pattern regex="(?i).:/Config\\.Msi.*"/>
          <pattern regex="(?i).*\\.rbf"/>
          <pattern regex=".*/Windows/Installer.*"/>
          <pattern regex=".*/Application Data/Application Data.*"/>
          <pattern regex="(?i).:/Config\.Msi.*"/>
          <pattern regex="(?i).*\.rbf"/>
          <pattern regex="(?i).*/Microsoft.*/Windows/.*\.edb"/>
          <pattern regex="(?i).*\.ini"/>
        </windows>
        <macintosh>
          <pattern regex="/bin/"/>
          <pattern regex="/etc/"/>
          <pattern regex="/sbin/"/>
          <pattern regex="/usr/"/>
          <pattern regex="/sw/"/>
          <pattern regex="/System/"/>
          <pattern regex="/private/"/>
          <pattern regex="/Desktop DB"/>
          <pattern regex="/Desktop DF"/>
          <pattern regex="/dev/.*"/>
          <pattern regex=".*\.Trash.*"/>
          <pattern regex="/\.vol/.*"/>
          <pattern regex="/mach.sym"/>
          <pattern regex="/mach_kernel"/>
          <pattern regex=".*\.hotfiles\.btree.*"/>
          <pattern regex=".*/Trash/.*"/>
          <pattern regex=".*/Network Trash Folder/.*"/>
          <pattern regex=".*/VM Storage"/>
          <pattern regex=".*\.fseventsd.*"/>
          <pattern regex=".*/Library/Caches/.*"/>
          <pattern regex=".*\.Spotlight-.*/.*"/>
          <pattern regex="/Network/.*"/>
          <pattern regex="/tmp/.*"/>
          <pattern regex="/cores/.*"/>
          <pattern regex="/afs/.*"/>
          <pattern regex="/automount/.*"/>
          <pattern regex="/private/Network/.*"/>
          <pattern regex="/private/tmp/.*"/>
          <pattern regex="/private/var/tmp/.*"/>
          <pattern regex="/private/var/folders/.*"/>
          <pattern regex="/private/var/run/.*"/>
          <pattern regex="/private/var/spool/postfix/.*"/>
          <pattern regex="/private/var/vm/.*"/>
          <pattern regex="/Previous Systems.*"/>
          <pattern regex=".*/lost\+found/.*"/>
          <pattern regex=".*/Microsoft User Data/Entourage Temp/.*"/>
          <pattern regex=".*/iP.* Software Updates/.*"/>
          <pattern regex=".*/Library/Application Support/SyncServices/.*"/>
          <pattern regex=".*/Library/Logs/.*"/>
          <pattern regex=".*/Library/Mail/Envelope Index"/>
          <pattern regex=".*/Library/Mail/AvailableFeeds/.*"/>
          <pattern regex=".*/Library/Mirrors/.*"/>
          <pattern regex=".*/Library/PubSub/Database/.*"/>
          <pattern regex=".*/Library/PubSub/Downloads/.*"/>
          <pattern regex=".*/Library/PubSub/Feeds/.*"/>
          <pattern regex=".*/Library/Safari/Icons.db"/>
          <pattern regex=".*/Library/Safari/WebpageIcons.db"/>
          <pattern regex=".*/Library/Safari/HistoryIndex.sk"/>
          <pattern regex=".*/Library/Calendars/Calendar Cache"/>
          <pattern regex=".*/iTunes/Album Artwork/Cache/.*"/>
          <pattern regex=".*/iPhoto Library/iPod Photo Cache.*"/>
          <pattern regex="/Network/Servers.*"/>
          <pattern regex="/Users/Shared/SC Info.*"/>
          <pattern regex="/net/.*"/>
          <pattern regex="/private/var/automount/.*"/>
          <pattern regex="/private/var/db/dhcpclient/.*"/>
          <pattern regex="/private/var/db/fseventsd/.*"/>
          <pattern regex="/System/Library/Extensions/Caches/.*"/>
          <pattern regex=".*/Library/Saved Application State/.*"/>
          <pattern regex=".*/Library/Mail/.*/Info.plist"/>
          <pattern regex=".*/Library/Calendars/.*/Info.plist"/>
          <pattern regex=".*MobileBackups/.*"/>
        </macintosh>
        <linux>
          <pattern regex="/bin/"/>
          <pattern regex="/boot/"/>
          <pattern regex="/etc/"/>
          <pattern regex="/initrd/"/>
          <pattern regex="/lib/"/>
          <pattern regex="/opt/"/>
          <pattern regex="/sbin/"/>
          <pattern regex="/usr/"/>
          <pattern regex="/var/"/>
          <pattern regex="/srv/"/>
          <pattern regex="/sys/.*"/>
          <pattern regex="/dev/.*"/>
          <pattern regex="/proc/.*"/>
          <pattern regex="/tmp/.*"/>
          <pattern regex=".*/lost\+found/.*"/>
          <pattern regex="/selinux/.*"/>
        </linux>
        <solaris/>
      </patternList>
    </hiddenFiles>
    <backupStatus>SAFE</backupStatus>
    <networkInterfacesExcluded>
      <patternList>
        <windows/>
        <macintosh/>
        <linux/>
        <solaris/>
      </patternList>
    </networkInterfacesExcluded>
    <wirelessNetworksExcluded>
      <patternList>
        <windows/>
        <macintosh/>
        <linux/>
        <solaris/>
      </patternList>
    </wirelessNetworksExcluded>
    <minimumBatteryPercent>20</minimumBatteryPercent>
    <backupConfig>
      <backupSets>
        <backupSet id="1">
          <name>8e28d5b92ba5 Backup</name>
          <priority>1</priority>
          <backupPaths>
            <lastModified>1515953809590</lastModified>
            <pathset>
              <paths os="Linux">
                <path include="/"/>
              </paths>
            </pathset>
            <excludeUser>
              <patternList>
                <windows/>
                <macintosh>
                  <pattern regex="(?i).*/backups.backupdb/.*"/>
                </macintosh>
                <linux/>
                <solaris/>
              </patternList>
            </excludeUser>
          </backupPaths>
          <destinations/>
          <backupRunWindow>
            <runWindow always="true" days="SMTWHFS" endTimeOfDay="06:00" startTimeOfDay="01:00"/>
          </backupRunWindow>
          <backupOpenFiles>true</backupOpenFiles>
          <compression>ON</compression>
          <dataDeDupAutoMaxFileSize>1073741824</dataDeDupAutoMaxFileSize>
          <dataDeDupAutoMaxFileSizeForWan>0</dataDeDupAutoMaxFileSizeForWan>
          <dataDeDuplication>AUTOMATIC</dataDeDuplication>
          <encryptionEnabled>true</encryptionEnabled>
          <scanInterval>86400000</scanInterval>
          <scanTime>03:00</scanTime>
          <watchFiles>true</watchFiles>
          <retentionPolicy>
            <backupFrequency>900000</backupFrequency>
            <keepDeleted>true</keepDeleted>
            <keepDeletedMinutes>0</keepDeletedMinutes>
            <lastModified>1256016278684</lastModified>
            <versionLastNinetyDaysInterval>1440</versionLastNinetyDaysInterval>
            <versionLastWeekInterval>15</versionLastWeekInterval>
            <versionLastYearInterval>10080</versionLastYearInterval>
            <versionPrevYearsInterval>43200</versionPrevYearsInterval>
          </retentionPolicy>
          <visible>true</visible>
        </backupSet>
      </backupSets>
      <cachePath>/usr/local/crashplan/cache</cachePath>
      <manifestPath>/backupArchives/</manifestPath>
      <softDeleteOfFiles>false</softDeleteOfFiles>
      <smallBlockSize>4096</smallBlockSize>
      <blockSize>32768</blockSize>
      <largeBlockSize>131072</largeBlockSize>
      <veryLargeBlockSize>524288</veryLargeBlockSize>
      <noCompressBlockSize>524288</noCompressBlockSize>
      <largeFileBytes>10485760</largeFileBytes>
      <veryLargeFileBytes>1073741824</veryLargeFileBytes>
      <maintenanceInterval>604800000</maintenanceInterval>
      <maintenanceLoadWorkerDelay>300000</maintenanceLoadWorkerDelay>
      <maintenanceLoadWorkerStartupDelay>60000</maintenanceLoadWorkerStartupDelay>
      <numMaintenanceWorkers>1</numMaintenanceWorkers>
      <verifyBlocksEnabled>true</verifyBlocksEnabled>
      <verifyBlocksInterval>2419200000</verifyBlocksInterval>
      <checksumBlocksEnabled>true</checksumBlocksEnabled>
      <verifyRestoreEnabled>false</verifyRestoreEnabled>
      <reduceEnabled>true</reduceEnabled>
      <scrapPercentAllowed>10</scrapPercentAllowed>
      <fileChangeCheckInterval>30000</fileChangeCheckInterval>
      <manualFileChangeCheckInterval>30000</manualFileChangeCheckInterval>
      <numBackupWorkers>4</numBackupWorkers>
      <numReplaceWorkers>2</numReplaceWorkers>
      <numCloseWorkers>10</numCloseWorkers>
      <idleThrottleRate>80</idleThrottleRate>
      <activeThrottleRate>20</activeThrottleRate>
      <checksumIncomingBackupData>true</checksumIncomingBackupData>
      <checksumIncomingRestoreData>true</checksumIncomingRestoreData>
      <blockArchiveDataFileSize>4242538496</blockArchiveDataFileSize>
      <weakBlockCacheLoadFactor>0.8</weakBlockCacheLoadFactor>
      <strongBlockCacheLoadFactor>0.8</strongBlockCacheLoadFactor>
      <strongBlockCacheMaxSize>30000</strongBlockCacheMaxSize>
      <verifyBlocksLoadFactor>0.8</verifyBlocksLoadFactor>
      <forceFileChannelDuringClose>false</forceFileChannelDuringClose>
      <noCompressionPatterns>
        <patternList>
          <windows/>
          <macintosh/>
          <linux/>
          <solaris/>
        </patternList>
      </noCompressionPatterns>
      <excludeSystem>
        <patternList>
          <pattern regex=".*/(?:42|\d{8,}).*/(?:cp|~).*"/>
          <pattern regex="(?i).*/CrashPlan.*/(?:cache|log|conf|manifest|upgrade)/.*"/>
          <pattern regex=".*\.part"/>
          <pattern regex=".*/iPhoto Library/iPod Photo Cache/.*"/>
          <pattern regex=".*\.cprestoretmp.*"/>
          <pattern regex=".*/Music/Subscription/.*"/>
          <pattern regex="(?i).*/Google/Chrome/.*cache.*"/>
          <pattern regex="(?i).*/Mozilla/Firefox/.*cache.*"/>
          <pattern regex=".*/Google/Chrome/Safe Browsing.*"/>
          <pattern regex="/sys/.*"/>
          <pattern regex="/dev/.*"/>
          <pattern regex="/proc/.*"/>
          <pattern regex="/tmp/.*"/>
          <pattern regex=".*/lost\+found/.*"/>
          <windows>
            <pattern regex=".*\$RECYCLE\.BIN/.*"/>
            <pattern regex=".*/System Volume Information/.*"/>
            <pattern regex=".*/RECYCLER/.*"/>
            <pattern regex=".*/I386.*"/>
            <pattern regex=".*/pagefile.sys"/>
            <pattern regex=".*/MSOCache.*"/>
            <pattern regex=".*UsrClass\.dat\.LOG"/>
            <pattern regex=".*UsrClass\.dat"/>
            <pattern regex=".*/Temporary Internet Files/.*"/>
            <pattern regex="(?i).*/ntuser.dat.*"/>
            <pattern regex=".*/Local Settings/Temp.*"/>
            <pattern regex=".*/AppData/Local/Temp.*"/>
            <pattern regex=".*/AppData/Temp.*"/>
            <pattern regex=".*/Windows/Temp.*"/>
            <pattern regex="(?i).*/Microsoft.*/Windows/.*\.log"/>
            <pattern regex=".*/Microsoft.*/Windows/Cookies.*"/>
            <pattern regex=".*/Microsoft.*/RecoveryStore.*"/>
            <pattern regex="(?i).:/Config\\.Msi.*"/>
            <pattern regex="(?i).*\\.rbf"/>
            <pattern regex=".*/Windows/Installer.*"/>
            <pattern regex=".*/Application Data/Application Data.*"/>
            <pattern regex="(?i).:/Config\.Msi.*"/>
            <pattern regex="(?i).*\.rbf"/>
            <pattern regex="(?i).*/Microsoft.*/Windows/.*\.edb"/>
            <pattern regex=".*\.tmp"/>
            <pattern regex=".*\.tmp/.*"/>
            <pattern regex=".*/swapfile.sys"/>
          </windows>
          <macintosh>
            <pattern regex="/dev/.*"/>
            <pattern regex=".*\.Trash.*"/>
            <pattern regex="/\.vol/.*"/>
            <pattern regex="/mach.sym"/>
            <pattern regex="/mach_kernel"/>
            <pattern regex=".*\.hotfiles\.btree.*"/>
            <pattern regex=".*/Trash/.*"/>
            <pattern regex=".*/Network Trash Folder/.*"/>
            <pattern regex=".*/VM Storage"/>
            <pattern regex=".*\.fseventsd.*"/>
            <pattern regex=".*/Library/Caches/.*"/>
            <pattern regex=".*\.Spotlight-.*/.*"/>
            <pattern regex="/Network/.*"/>
            <pattern regex="/tmp/.*"/>
            <pattern regex="/cores/.*"/>
            <pattern regex="/afs/.*"/>
            <pattern regex="/automount/.*"/>
            <pattern regex="/private/Network/.*"/>
            <pattern regex="/private/tmp/.*"/>
            <pattern regex="/private/var/tmp/.*"/>
            <pattern regex="/private/var/folders/.*"/>
            <pattern regex="/private/var/run/.*"/>
            <pattern regex="/private/var/spool/postfix/.*"/>
            <pattern regex="/private/var/vm/.*"/>
            <pattern regex="/Previous Systems.*"/>
            <pattern regex=".*/lost\+found/.*"/>
            <pattern regex=".*/Microsoft User Data/Entourage Temp/.*"/>
            <pattern regex=".*/iP.* Software Updates/.*"/>
            <pattern regex=".*/Library/Application Support/SyncServices/.*"/>
            <pattern regex=".*/Library/Logs/.*"/>
            <pattern regex=".*/Library/Mail/Envelope Index"/>
            <pattern regex=".*/Library/Mail/AvailableFeeds/.*"/>
            <pattern regex=".*/Library/Mirrors/.*"/>
            <pattern regex=".*/Library/PubSub/Database/.*"/>
            <pattern regex=".*/Library/PubSub/Downloads/.*"/>
            <pattern regex=".*/Library/PubSub/Feeds/.*"/>
            <pattern regex=".*/Library/Safari/Icons.db"/>
            <pattern regex=".*/Library/Safari/WebpageIcons.db"/>
            <pattern regex=".*/Library/Safari/HistoryIndex.sk"/>
            <pattern regex=".*/Library/Calendars/Calendar Cache"/>
            <pattern regex=".*/iTunes/Album Artwork/Cache/.*"/>
            <pattern regex=".*/iPhoto Library/iPod Photo Cache.*"/>
            <pattern regex="/Desktop DB"/>
            <pattern regex="/Desktop DF"/>
            <pattern regex="/Network/Servers.*"/>
            <pattern regex="/Users/Shared/SC Info.*"/>
            <pattern regex="/net/.*"/>
            <pattern regex="/private/var/automount/.*"/>
            <pattern regex="/private/var/db/dhcpclient/.*"/>
            <pattern regex="/private/var/db/fseventsd/.*"/>
            <pattern regex="/System/Library/Extensions/Caches/.*"/>
            <pattern regex=".*/Library/Saved Application State/.*"/>
            <pattern regex=".*/Library/Mail/.*/Info.plist"/>
            <pattern regex=".*/Library/Calendars/.*/Info.plist"/>
            <pattern regex=".*/Code42/Code 42 Service.app/*"/>
            <pattern regex=".*/Code42/SharePlan Helper.app/*"/>
            <pattern regex=".*/Code42/SharePlanMenuItem.app/*"/>
            <pattern regex="(?i).*/backups.backupdb/.*"/>
            <pattern regex=".*MobileBackups/.*"/>
          </macintosh>
          <linux>
            <pattern regex="/sys/.*"/>
            <pattern regex="/dev/.*"/>
            <pattern regex="/proc/.*"/>
            <pattern regex="/tmp/.*"/>
            <pattern regex=".*/lost\+found/.*"/>
            <pattern regex="/selinux/.*"/>
          </linux>
          <solaris/>
        </patternList>
      </excludeSystem>
      <hostSystemExcludes locked="true">
        <patternList>
          <windows/>
          <macintosh/>
          <linux/>
          <solaris/>
        </patternList>
      </hostSystemExcludes>
      <manualFileWatchPatterns>
        <patternList>
          <windows/>
          <macintosh/>
          <linux/>
          <solaris/>
        </patternList>
      </manualFileWatchPatterns>
    </backupConfig>
  </serviceBackupConfig>
  <socialNetworkConfig>
    <computerConfigs>
      <computerConfig id="42">
        <guid>42</guid>
        <manifestPath nil="true"/>
        <manifestPathDefault>false</manifestPathDefault>
        <allocatedCapacity>-1</allocatedCapacity>
      </computerConfig>
      <computerConfig id="642072265277571074">
        <guid>642072265277571074</guid>
        <manifestPath nil="true"/>
        <manifestPathDefault>false</manifestPathDefault>
        <allocatedCapacity>-1</allocatedCapacity>
      </computerConfig>
      <computerConfig id="642111610348896259">
        <guid>642111610348896259</guid>
        <manifestPath nil="true"/>
        <manifestPathDefault>false</manifestPathDefault>
        <allocatedCapacity>-1</allocatedCapacity>
      </computerConfig>
      <computerConfig id="651072688751640833">
        <guid>651072688751640833</guid>
        <manifestPath nil="true"/>
        <manifestPathDefault>false</manifestPathDefault>
        <allocatedCapacity>-1</allocatedCapacity>
      </computerConfig>
      <computerConfig id="697298602354730247">
        <guid>697298602354730247</guid>
        <manifestPath nil="true"/>
        <manifestPathDefault>false</manifestPathDefault>
        <allocatedCapacity>-1</allocatedCapacity>
      </computerConfig>
      <computerConfig id="715192431344234553">
        <guid>715192431344234553</guid>
        <manifestPath nil="true"/>
        <manifestPathDefault>false</manifestPathDefault>
        <allocatedCapacity>-1</allocatedCapacity>
      </computerConfig>
      <computerConfig id="715561018486520879">
        <guid>715561018486520879</guid>
        <manifestPath nil="true"/>
        <manifestPathDefault>false</manifestPathDefault>
        <allocatedCapacity>-1</allocatedCapacity>
      </computerConfig>
      <computerConfig id="761560876880420039">
        <guid>761560876880420039</guid>
        <manifestPath nil="true"/>
        <manifestPathDefault>false</manifestPathDefault>
        <allocatedCapacity>-1</allocatedCapacity>
      </computerConfig>
      <computerConfig id="808321693758673357">
        <guid>808321693758673357</guid>
        <manifestPath nil="true"/>
        <manifestPathDefault>false</manifestPathDefault>
        <allocatedCapacity>-1</allocatedCapacity>
      </computerConfig>
      <computerConfig id="830817711470641205">
        <guid>830817711470641205</guid>
        <manifestPath nil="true"/>
        <manifestPathDefault>false</manifestPathDefault>
        <allocatedCapacity>-1</allocatedCapacity>
      </computerConfig>
    </computerConfigs>
    <userConfigs>
      <userConfig id="1">
        <userId>1</userId>
        <manifestPath nil="true"/>
        <manifestPathDefault>false</manifestPathDefault>
      </userConfig>
      <userConfig id="1469984">
        <userId>1469984</userId>
        <manifestPath nil="true"/>
        <manifestPathDefault>false</manifestPathDefault>
      </userConfig>
    </userConfigs>
  </socialNetworkConfig>
  <migrationConfig>
    <migrationEnabled>false</migrationEnabled>
    <migrationFrequency>7</migrationFrequency>
    <migrationLastBackupMs nil="true"/>
    <migrationCmdLineArgsLoadState/>
    <migrationCmdLineArgsScanState/>
    <migrationToolType>USMT</migrationToolType>
  </migrationConfig>
</config>



***************************************************************************************************
